#
# A fatal error has been detected by the Java Runtime Environment:
#
#  SIGSEGV (0xb) at pc=0x0000000109b7740d, pid=22637, tid=1811
#
# JRE version: Java(TM) SE Runtime Environment (8.0_11-b12) (build 1.8.0_11-b12)
# Java VM: Java HotSpot(TM) 64-Bit Server VM (25.11-b03 mixed mode bsd-amd64 compressed oops)
# Problematic frame:
# V  [libjvm.dylib+0x2f540d]  jni_GetStringUTFChars+0x64
#
# Failed to write core dump. Core dumps have been disabled. To enable core dumping, try "ulimit -c unlimited" before starting Java again
#
# If you would like to submit a bug report, please visit:
#   http://bugreport.sun.com/bugreport/crash.jsp
#

---------------  T H R E A D  ---------------

Current thread (0x00007fede4052800):  JavaThread "JavaFX Application Thread" [_thread_in_vm, id=1811, stack(0x00007fff55cae000,0x00007fff564ae000)]

siginfo:si_signo=SIGSEGV: si_errno=0, si_code=1 (SEGV_MAPERR), si_addr=0x0000000000000000

Registers:
RAX=0x000000010a0e97b0, RBX=0x0000000000000000, RCX=0x000000010a032780, RDX=0x0000000000000000
RSP=0x00007fff564a7760, RBP=0x00007fff564a77b0, RSI=0x0000000000000000, RDI=0x00007fede40529e0
R8 =0x0000000000000001, R9 =0x0000000780392ba0, R10=0x0000000000000030, R11=0x000000010a0e99b8
R12=0x00007fede4052800, R13=0x0000000123f362e0, R14=0x0000000000000000, R15=0x00007fede40529e0
RIP=0x0000000109b7740d, EFLAGS=0x0000000000010246, ERR=0x0000000000000004
  TRAPNO=0x000000000000000e

Top of Stack: (sp=0x00007fff564a7760)
0x00007fff564a7760:   00007fede4052800 0000000000000000
0x00007fff564a7770:   0000000123f362e8 0000000123f362e8
0x00007fff564a7780:   00007fede4052800 00007fede4052800
0x00007fff564a7790:   0000000123f362e8 0000000000000000
0x00007fff564a77a0:   00007fff564a78a0 00007fede4052800
0x00007fff564a77b0:   00007fff564a7800 00000001243ff101
0x00007fff564a77c0:   00007fede4052800 0000000123f362e8
0x00007fff564a77d0:   0000000123f362e8 00007fede6124390
0x00007fff564a77e0:   0000000000000000 00007fff564a78a0
0x00007fff564a77f0:   00007fede40529e0 000000010ae1342f
0x00007fff564a7800:   00007fff564a7878 000000010ae13591
0x00007fff564a7810:   0000000123f362e8 00007fff564a78a0
0x00007fff564a7820:   00007fff564a7878 0000000000000000
0x00007fff564a7830:   0000000780392ba0 00007fff564a7828
0x00007fff564a7840:   0000000123f362e0 00007fff564a78a0
0x00007fff564a7850:   0000000123febfb0 0000000000000000
0x00007fff564a7860:   0000000123f362e8 0000000000000000
0x00007fff564a7870:   00007fff564a7898 00007fff564a7900
0x00007fff564a7880:   000000010ae06fa0 0000000000000000
0x00007fff564a7890:   000000010ae0ec17 0000000000000000
0x00007fff564a78a0:   0000000780392ba0 00000007aaeee9f8
0x00007fff564a78b0:   0000000000000009 0000000780392ba0
0x00007fff564a78c0:   00007fff564a78b0 0000000123f32b25
0x00007fff564a78d0:   00007fff564a7918 0000000123feb7c0
0x00007fff564a78e0:   0000000000000000 0000000123f32b70
0x00007fff564a78f0:   00007fff564a7898 00007fff564a7910
0x00007fff564a7900:   00007fff564a7960 000000010ae072e0
0x00007fff564a7910:   00000007aaeee9f8 0000000780392ba0
0x00007fff564a7920:   00007fff564a7920 0000000124285b2f
0x00007fff564a7930:   00007fff564a7980 00000001242862f8
0x00007fff564a7940:   0000000000000000 0000000124285ba8
0x00007fff564a7950:   00007fff564a7910 00007fff564a7970 

Instructions: (pc=0x0000000109b7740d)
0x0000000109b773ed:   00 49 83 7c 24 08 00 74 09 48 8d 7d b0 e8 35 c7
0x0000000109b773fd:   17 00 4c 89 ff 4c 89 f6 48 89 da 90 0f 1f 40 00
0x0000000109b7740d:   4d 8b 36 4c 89 f7 e8 70 64 fa ff 48 85 c0 75 05
0x0000000109b7741d:   45 31 ff eb 58 4c 89 f7 e8 da 79 fd ff 4c 63 e0 

Register to memory mapping:

RAX=0x000000010a0e97b0: _ZN20SafepointSynchronize6_stateE+0 in /Library/Java/JavaVirtualMachines/jdk1.8.0_11.jdk/Contents/Home/jre/lib/server/libjvm.dylib at 0x0000000109882000
RBX=0x0000000000000000 is an unknown value
RCX=0x000000010a032780: UseMembar+0 in /Library/Java/JavaVirtualMachines/jdk1.8.0_11.jdk/Contents/Home/jre/lib/server/libjvm.dylib at 0x0000000109882000
RDX=0x0000000000000000 is an unknown value
RSP=0x00007fff564a7760 is pointing into the stack for thread: 0x00007fede4052800
RBP=0x00007fff564a77b0 is pointing into the stack for thread: 0x00007fede4052800
RSI=0x0000000000000000 is an unknown value
RDI=0x00007fede40529e0 is an unknown value
R8 =0x0000000000000001 is an unknown value
R9 =0x0000000780392ba0 is an oop
org.sqlite.core.NativeDB 
 - klass: 'org/sqlite/core/NativeDB'
R10=0x0000000000000030 is an unknown value
R11=0x000000010a0e99b8: _ZN20SafepointSynchronize18_safepoint_counterE+0 in /Library/Java/JavaVirtualMachines/jdk1.8.0_11.jdk/Contents/Home/jre/lib/server/libjvm.dylib at 0x0000000109882000
R12=0x00007fede4052800 is a thread
R13=0x0000000123f362e0 is an unknown value
R14=0x0000000000000000 is an unknown value
R15=0x00007fede40529e0 is an unknown value


Stack: [0x00007fff55cae000,0x00007fff564ae000],  sp=0x00007fff564a7760,  free space=8165k
Native frames: (J=compiled Java code, j=interpreted, Vv=VM code, C=native code)
V  [libjvm.dylib+0x2f540d]  jni_GetStringUTFChars+0x64
C  [sqlite-3.8.11.1-04f2edbe-c49a-4c97-8378-540c2b310dc7-libsqlitejdbc.jnilib+0x2101]  Java_org_sqlite_core_NativeDB_prepare+0x41
j  org.sqlite.core.NativeDB.prepare(Ljava/lang/String;)J+0
j  org.sqlite.core.DB.prepare(Lorg/sqlite/core/CoreStatement;)V+21
j  org.sqlite.core.CorePreparedStatement.<init>(Lorg/sqlite/SQLiteConnection;Ljava/lang/String;)V+15
j  org.sqlite.jdbc3.JDBC3PreparedStatement.<init>(Lorg/sqlite/SQLiteConnection;Ljava/lang/String;)V+3
j  org.sqlite.jdbc4.JDBC4PreparedStatement.<init>(Lorg/sqlite/SQLiteConnection;Ljava/lang/String;)V+3
j  org.sqlite.jdbc4.JDBC4Connection.prepareStatement(Ljava/lang/String;III)Ljava/sql/PreparedStatement;+21
j  org.sqlite.jdbc3.JDBC3Connection.prepareStatement(Ljava/lang/String;II)Ljava/sql/PreparedStatement;+5
j  org.sqlite.jdbc3.JDBC3Connection.prepareStatement(Ljava/lang/String;)Ljava/sql/PreparedStatement;+8
j  dmdb.Thread.SQLThread.reload()V+9
j  dmdb.Controllers.MainViewController.advancedSearch()V+11
v  ~StubRoutines::call_stub
V  [libjvm.dylib+0x2c5d36]  JavaCalls::call_helper(JavaValue*, methodHandle*, JavaCallArguments*, Thread*)+0x6ae
V  [libjvm.dylib+0x48ab3c]  Reflection::invoke(instanceKlassHandle, methodHandle, Handle, bool, objArrayHandle, BasicType, objArrayHandle, bool, Thread*)+0xdf8
V  [libjvm.dylib+0x48b054]  Reflection::invoke_method(oopDesc*, Handle, objArrayHandle, Thread*)+0x16c
V  [libjvm.dylib+0x3131b0]  JVM_InvokeMethod+0x166
j  sun.reflect.NativeMethodAccessorImpl.invoke0(Ljava/lang/reflect/Method;Ljava/lang/Object;[Ljava/lang/Object;)Ljava/lang/Object;+0
j  sun.reflect.NativeMethodAccessorImpl.invoke(Ljava/lang/Object;[Ljava/lang/Object;)Ljava/lang/Object;+100
j  sun.reflect.DelegatingMethodAccessorImpl.invoke(Ljava/lang/Object;[Ljava/lang/Object;)Ljava/lang/Object;+6
j  java.lang.reflect.Method.invoke(Ljava/lang/Object;[Ljava/lang/Object;)Ljava/lang/Object;+56
j  sun.reflect.misc.Trampoline.invoke(Ljava/lang/reflect/Method;Ljava/lang/Object;[Ljava/lang/Object;)Ljava/lang/Object;+7
j  sun.reflect.GeneratedMethodAccessor1.invoke(Ljava/lang/Object;[Ljava/lang/Object;)Ljava/lang/Object;+40
j  sun.reflect.DelegatingMethodAccessorImpl.invoke(Ljava/lang/Object;[Ljava/lang/Object;)Ljava/lang/Object;+6
j  java.lang.reflect.Method.invoke(Ljava/lang/Object;[Ljava/lang/Object;)Ljava/lang/Object;+56
j  sun.reflect.misc.MethodUtil.invoke(Ljava/lang/reflect/Method;Ljava/lang/Object;[Ljava/lang/Object;)Ljava/lang/Object;+20
j  javafx.fxml.FXMLLoader$MethodHandler.invoke([Ljava/lang/Object;)V+38
j  javafx.fxml.FXMLLoader$ControllerMethodEventHandler.handle(Ljavafx/event/Event;)V+12
j  com.sun.javafx.event.CompositeEventHandler.dispatchBubblingEvent(Ljavafx/event/Event;)V+51
j  com.sun.javafx.event.EventHandlerManager.dispatchBubblingEvent(Ljavafx/event/EventType;Ljavafx/event/Event;)Ljavafx/event/Event;+29
j  com.sun.javafx.event.EventHandlerManager.dispatchBubblingEvent(Ljavafx/event/Event;)Ljavafx/event/Event;+8
j  com.sun.javafx.event.CompositeEventDispatcher.dispatchBubblingEvent(Ljavafx/event/Event;)Ljavafx/event/Event;+11
j  com.sun.javafx.event.BasicEventDispatcher.dispatchEvent(Ljavafx/event/Event;Ljavafx/event/EventDispatchChain;)Ljavafx/event/Event;+29
j  com.sun.javafx.event.EventDispatchChainImpl.dispatchEvent(Ljavafx/event/Event;)Ljavafx/event/Event;+69
j  com.sun.javafx.event.BasicEventDispatcher.dispatchEvent(Ljavafx/event/Event;Ljavafx/event/EventDispatchChain;)Ljavafx/event/Event;+17
j  com.sun.javafx.event.EventDispatchChainImpl.dispatchEvent(Ljavafx/event/Event;)Ljavafx/event/Event;+69
j  com.sun.javafx.event.BasicEventDispatcher.dispatchEvent(Ljavafx/event/Event;Ljavafx/event/EventDispatchChain;)Ljavafx/event/Event;+17
j  com.sun.javafx.event.EventDispatchChainImpl.dispatchEvent(Ljavafx/event/Event;)Ljavafx/event/Event;+69
j  com.sun.javafx.event.BasicEventDispatcher.dispatchEvent(Ljavafx/event/Event;Ljavafx/event/EventDispatchChain;)Ljavafx/event/Event;+17
j  com.sun.javafx.event.EventDispatchChainImpl.dispatchEvent(Ljavafx/event/Event;)Ljavafx/event/Event;+69
j  com.sun.javafx.event.EventUtil.fireEventImpl(Ljavafx/event/EventDispatchChain;Ljavafx/event/EventTarget;Ljavafx/event/Event;)Ljavafx/event/Event;+10
j  com.sun.javafx.event.EventUtil.fireEvent(Ljavafx/event/EventTarget;Ljavafx/event/Event;)Ljavafx/event/Event;+37
j  javafx.event.Event.fireEvent(Ljavafx/event/EventTarget;Ljavafx/event/Event;)V+30
j  javafx.scene.Node.fireEvent(Ljavafx/event/Event;)V+86
j  javafx.scene.control.Button.fire()V+15
j  com.sun.javafx.scene.control.behavior.ButtonBehavior.mouseReleased(Ljavafx/scene/input/MouseEvent;)V+23
j  com.sun.javafx.scene.control.skin.BehaviorSkinBase$1.handle(Ljavafx/scene/input/MouseEvent;)V+83
j  com.sun.javafx.scene.control.skin.BehaviorSkinBase$1.handle(Ljavafx/event/Event;)V+5
j  com.sun.javafx.event.CompositeEventHandler$NormalEventHandlerRecord.handleBubblingEvent(Ljavafx/event/Event;)V+5
j  com.sun.javafx.event.CompositeEventHandler.dispatchBubblingEvent(Ljavafx/event/Event;)V+28
j  com.sun.javafx.event.EventHandlerManager.dispatchBubblingEvent(Ljavafx/event/EventType;Ljavafx/event/Event;)Ljavafx/event/Event;+29
j  com.sun.javafx.event.EventHandlerManager.dispatchBubblingEvent(Ljavafx/event/Event;)Ljavafx/event/Event;+8
j  com.sun.javafx.event.CompositeEventDispatcher.dispatchBubblingEvent(Ljavafx/event/Event;)Ljavafx/event/Event;+11
j  com.sun.javafx.event.BasicEventDispatcher.dispatchEvent(Ljavafx/event/Event;Ljavafx/event/EventDispatchChain;)Ljavafx/event/Event;+29
j  com.sun.javafx.event.EventDispatchChainImpl.dispatchEvent(Ljavafx/event/Event;)Ljavafx/event/Event;+69
j  com.sun.javafx.event.BasicEventDispatcher.dispatchEvent(Ljavafx/event/Event;Ljavafx/event/EventDispatchChain;)Ljavafx/event/Event;+17
j  com.sun.javafx.event.EventDispatchChainImpl.dispatchEvent(Ljavafx/event/Event;)Ljavafx/event/Event;+69
j  com.sun.javafx.event.BasicEventDispatcher.dispatchEvent(Ljavafx/event/Event;Ljavafx/event/EventDispatchChain;)Ljavafx/event/Event;+17
j  com.sun.javafx.event.EventDispatchChainImpl.dispatchEvent(Ljavafx/event/Event;)Ljavafx/event/Event;+69
j  com.sun.javafx.event.BasicEventDispatcher.dispatchEvent(Ljavafx/event/Event;Ljavafx/event/EventDispatchChain;)Ljavafx/event/Event;+17
j  com.sun.javafx.event.EventDispatchChainImpl.dispatchEvent(Ljavafx/event/Event;)Ljavafx/event/Event;+69
j  com.sun.javafx.event.EventUtil.fireEventImpl(Ljavafx/event/EventDispatchChain;Ljavafx/event/EventTarget;Ljavafx/event/Event;)Ljavafx/event/Event;+10
j  com.sun.javafx.event.EventUtil.fireEvent(Ljavafx/event/EventTarget;Ljavafx/event/Event;)Ljavafx/event/Event;+46
j  javafx.event.Event.fireEvent(Ljavafx/event/EventTarget;Ljavafx/event/Event;)V+30
j  javafx.scene.Scene$MouseHandler.process(Ljavafx/scene/input/MouseEvent;Z)V+498
j  javafx.scene.Scene$MouseHandler.access$1800(Ljavafx/scene/Scene$MouseHandler;Ljavafx/scene/input/MouseEvent;Z)V+3
j  javafx.scene.Scene.impl_processMouseEvent(Ljavafx/scene/input/MouseEvent;)V+6
j  javafx.scene.Scene$ScenePeerListener.mouseEvent(Ljavafx/event/EventType;DDDDLjavafx/scene/input/MouseButton;ZZZZZZZZZ)V+46
j  com.sun.javafx.tk.quantum.GlassViewEventHandler$MouseEventNotification.run()Ljava/lang/Void;+422
j  com.sun.javafx.tk.quantum.GlassViewEventHandler$MouseEventNotification.run()Ljava/lang/Object;+1
v  ~StubRoutines::call_stub
V  [libjvm.dylib+0x2c5d36]  JavaCalls::call_helper(JavaValue*, methodHandle*, JavaCallArguments*, Thread*)+0x6ae
V  [libjvm.dylib+0x31b4c2]  JVM_DoPrivileged+0x4b6
J 1420  java.security.AccessController.doPrivileged(Ljava/security/PrivilegedAction;Ljava/security/AccessControlContext;)Ljava/lang/Object; (0 bytes) @ 0x000000010b223895 [0x000000010b2237c0+0xd5]
j  com.sun.javafx.tk.quantum.GlassViewEventHandler.handleMouseEvent(Lcom/sun/glass/ui/View;JIIIIIIIZZ)V+108
j  com.sun.glass.ui.View.handleMouseEvent(JIIIIIIIZZ)V+30
j  com.sun.glass.ui.View.notifyMouse(IIIIIIIZZ)V+181
v  ~StubRoutines::call_stub
V  [libjvm.dylib+0x2c5d36]  JavaCalls::call_helper(JavaValue*, methodHandle*, JavaCallArguments*, Thread*)+0x6ae
V  [libjvm.dylib+0x2faba0]  jni_invoke_nonstatic(JNIEnv_*, JavaValue*, _jobject*, JNICallType, _jmethodID*, JNI_ArgumentPusher*, Thread*)+0x2fb
V  [libjvm.dylib+0x2ed834]  jni_CallVoidMethod+0x16b
C  [libglass.dylib+0x25624]  -[GlassViewDelegate sendJavaMouseEvent:]+0x794
C  [AppKit+0x7cde37]  -[NSWindow _reallySendEvent:isDelayedEvent:]+0x288
C  [AppKit+0x160c86]  -[NSWindow sendEvent:]+0x1d6
C  [libglass.dylib+0x28320]  -[GlassWindow_Normal sendEvent:]+0x70
C  [AppKit+0x15d212]  -[NSApplication sendEvent:]+0x9c8
C  [AppKit+0x86b68]  -[NSApplication run]+0x2c7
C  [libglass.dylib+0xbf95]  -[GlassApplication runLoop:]+0x6a5
C  [Foundation+0x92dd0]  __NSThreadPerformPerform+0x125
C  [CoreFoundation+0x80a01]  __CFRUNLOOP_IS_CALLING_OUT_TO_A_SOURCE0_PERFORM_FUNCTION__+0x11
C  [CoreFoundation+0x72b8d]  __CFRunLoopDoSources0+0x10d
C  [CoreFoundation+0x721bf]  __CFRunLoopRun+0x39f
C  [CoreFoundation+0x71bd8]  CFRunLoopRunSpecific+0x128
C  [java+0x56cb]  CreateExecutionEnvironment+0x367
C  [java+0x166c]  JLI_Launch+0x7a0
C  [java+0x7689]  main+0x65
C  [java+0xec4]  start+0x34

Java frames: (J=compiled Java code, j=interpreted, Vv=VM code)
j  org.sqlite.core.NativeDB.prepare(Ljava/lang/String;)J+0
j  org.sqlite.core.DB.prepare(Lorg/sqlite/core/CoreStatement;)V+21
j  org.sqlite.core.CorePreparedStatement.<init>(Lorg/sqlite/SQLiteConnection;Ljava/lang/String;)V+15
j  org.sqlite.jdbc3.JDBC3PreparedStatement.<init>(Lorg/sqlite/SQLiteConnection;Ljava/lang/String;)V+3
j  org.sqlite.jdbc4.JDBC4PreparedStatement.<init>(Lorg/sqlite/SQLiteConnection;Ljava/lang/String;)V+3
j  org.sqlite.jdbc4.JDBC4Connection.prepareStatement(Ljava/lang/String;III)Ljava/sql/PreparedStatement;+21
j  org.sqlite.jdbc3.JDBC3Connection.prepareStatement(Ljava/lang/String;II)Ljava/sql/PreparedStatement;+5
j  org.sqlite.jdbc3.JDBC3Connection.prepareStatement(Ljava/lang/String;)Ljava/sql/PreparedStatement;+8
j  dmdb.Thread.SQLThread.reload()V+9
j  dmdb.Controllers.MainViewController.advancedSearch()V+11
v  ~StubRoutines::call_stub
j  sun.reflect.NativeMethodAccessorImpl.invoke0(Ljava/lang/reflect/Method;Ljava/lang/Object;[Ljava/lang/Object;)Ljava/lang/Object;+0
j  sun.reflect.NativeMethodAccessorImpl.invoke(Ljava/lang/Object;[Ljava/lang/Object;)Ljava/lang/Object;+100
j  sun.reflect.DelegatingMethodAccessorImpl.invoke(Ljava/lang/Object;[Ljava/lang/Object;)Ljava/lang/Object;+6
j  java.lang.reflect.Method.invoke(Ljava/lang/Object;[Ljava/lang/Object;)Ljava/lang/Object;+56
j  sun.reflect.misc.Trampoline.invoke(Ljava/lang/reflect/Method;Ljava/lang/Object;[Ljava/lang/Object;)Ljava/lang/Object;+7
j  sun.reflect.GeneratedMethodAccessor1.invoke(Ljava/lang/Object;[Ljava/lang/Object;)Ljava/lang/Object;+40
j  sun.reflect.DelegatingMethodAccessorImpl.invoke(Ljava/lang/Object;[Ljava/lang/Object;)Ljava/lang/Object;+6
j  java.lang.reflect.Method.invoke(Ljava/lang/Object;[Ljava/lang/Object;)Ljava/lang/Object;+56
j  sun.reflect.misc.MethodUtil.invoke(Ljava/lang/reflect/Method;Ljava/lang/Object;[Ljava/lang/Object;)Ljava/lang/Object;+20
j  javafx.fxml.FXMLLoader$MethodHandler.invoke([Ljava/lang/Object;)V+38
j  javafx.fxml.FXMLLoader$ControllerMethodEventHandler.handle(Ljavafx/event/Event;)V+12
j  com.sun.javafx.event.CompositeEventHandler.dispatchBubblingEvent(Ljavafx/event/Event;)V+51
j  com.sun.javafx.event.EventHandlerManager.dispatchBubblingEvent(Ljavafx/event/EventType;Ljavafx/event/Event;)Ljavafx/event/Event;+29
j  com.sun.javafx.event.EventHandlerManager.dispatchBubblingEvent(Ljavafx/event/Event;)Ljavafx/event/Event;+8
j  com.sun.javafx.event.CompositeEventDispatcher.dispatchBubblingEvent(Ljavafx/event/Event;)Ljavafx/event/Event;+11
j  com.sun.javafx.event.BasicEventDispatcher.dispatchEvent(Ljavafx/event/Event;Ljavafx/event/EventDispatchChain;)Ljavafx/event/Event;+29
j  com.sun.javafx.event.EventDispatchChainImpl.dispatchEvent(Ljavafx/event/Event;)Ljavafx/event/Event;+69
j  com.sun.javafx.event.BasicEventDispatcher.dispatchEvent(Ljavafx/event/Event;Ljavafx/event/EventDispatchChain;)Ljavafx/event/Event;+17
j  com.sun.javafx.event.EventDispatchChainImpl.dispatchEvent(Ljavafx/event/Event;)Ljavafx/event/Event;+69
j  com.sun.javafx.event.BasicEventDispatcher.dispatchEvent(Ljavafx/event/Event;Ljavafx/event/EventDispatchChain;)Ljavafx/event/Event;+17
j  com.sun.javafx.event.EventDispatchChainImpl.dispatchEvent(Ljavafx/event/Event;)Ljavafx/event/Event;+69
j  com.sun.javafx.event.BasicEventDispatcher.dispatchEvent(Ljavafx/event/Event;Ljavafx/event/EventDispatchChain;)Ljavafx/event/Event;+17
j  com.sun.javafx.event.EventDispatchChainImpl.dispatchEvent(Ljavafx/event/Event;)Ljavafx/event/Event;+69
j  com.sun.javafx.event.EventUtil.fireEventImpl(Ljavafx/event/EventDispatchChain;Ljavafx/event/EventTarget;Ljavafx/event/Event;)Ljavafx/event/Event;+10
j  com.sun.javafx.event.EventUtil.fireEvent(Ljavafx/event/EventTarget;Ljavafx/event/Event;)Ljavafx/event/Event;+37
j  javafx.event.Event.fireEvent(Ljavafx/event/EventTarget;Ljavafx/event/Event;)V+30
j  javafx.scene.Node.fireEvent(Ljavafx/event/Event;)V+86
j  javafx.scene.control.Button.fire()V+15
j  com.sun.javafx.scene.control.behavior.ButtonBehavior.mouseReleased(Ljavafx/scene/input/MouseEvent;)V+23
j  com.sun.javafx.scene.control.skin.BehaviorSkinBase$1.handle(Ljavafx/scene/input/MouseEvent;)V+83
j  com.sun.javafx.scene.control.skin.BehaviorSkinBase$1.handle(Ljavafx/event/Event;)V+5
j  com.sun.javafx.event.CompositeEventHandler$NormalEventHandlerRecord.handleBubblingEvent(Ljavafx/event/Event;)V+5
j  com.sun.javafx.event.CompositeEventHandler.dispatchBubblingEvent(Ljavafx/event/Event;)V+28
j  com.sun.javafx.event.EventHandlerManager.dispatchBubblingEvent(Ljavafx/event/EventType;Ljavafx/event/Event;)Ljavafx/event/Event;+29
j  com.sun.javafx.event.EventHandlerManager.dispatchBubblingEvent(Ljavafx/event/Event;)Ljavafx/event/Event;+8
j  com.sun.javafx.event.CompositeEventDispatcher.dispatchBubblingEvent(Ljavafx/event/Event;)Ljavafx/event/Event;+11
j  com.sun.javafx.event.BasicEventDispatcher.dispatchEvent(Ljavafx/event/Event;Ljavafx/event/EventDispatchChain;)Ljavafx/event/Event;+29
j  com.sun.javafx.event.EventDispatchChainImpl.dispatchEvent(Ljavafx/event/Event;)Ljavafx/event/Event;+69
j  com.sun.javafx.event.BasicEventDispatcher.dispatchEvent(Ljavafx/event/Event;Ljavafx/event/EventDispatchChain;)Ljavafx/event/Event;+17
j  com.sun.javafx.event.EventDispatchChainImpl.dispatchEvent(Ljavafx/event/Event;)Ljavafx/event/Event;+69
j  com.sun.javafx.event.BasicEventDispatcher.dispatchEvent(Ljavafx/event/Event;Ljavafx/event/EventDispatchChain;)Ljavafx/event/Event;+17
j  com.sun.javafx.event.EventDispatchChainImpl.dispatchEvent(Ljavafx/event/Event;)Ljavafx/event/Event;+69
j  com.sun.javafx.event.BasicEventDispatcher.dispatchEvent(Ljavafx/event/Event;Ljavafx/event/EventDispatchChain;)Ljavafx/event/Event;+17
j  com.sun.javafx.event.EventDispatchChainImpl.dispatchEvent(Ljavafx/event/Event;)Ljavafx/event/Event;+69
j  com.sun.javafx.event.EventUtil.fireEventImpl(Ljavafx/event/EventDispatchChain;Ljavafx/event/EventTarget;Ljavafx/event/Event;)Ljavafx/event/Event;+10
j  com.sun.javafx.event.EventUtil.fireEvent(Ljavafx/event/EventTarget;Ljavafx/event/Event;)Ljavafx/event/Event;+46
j  javafx.event.Event.fireEvent(Ljavafx/event/EventTarget;Ljavafx/event/Event;)V+30
j  javafx.scene.Scene$MouseHandler.process(Ljavafx/scene/input/MouseEvent;Z)V+498
j  javafx.scene.Scene$MouseHandler.access$1800(Ljavafx/scene/Scene$MouseHandler;Ljavafx/scene/input/MouseEvent;Z)V+3
j  javafx.scene.Scene.impl_processMouseEvent(Ljavafx/scene/input/MouseEvent;)V+6
j  javafx.scene.Scene$ScenePeerListener.mouseEvent(Ljavafx/event/EventType;DDDDLjavafx/scene/input/MouseButton;ZZZZZZZZZ)V+46
j  com.sun.javafx.tk.quantum.GlassViewEventHandler$MouseEventNotification.run()Ljava/lang/Void;+422
j  com.sun.javafx.tk.quantum.GlassViewEventHandler$MouseEventNotification.run()Ljava/lang/Object;+1
v  ~StubRoutines::call_stub
J 1420  java.security.AccessController.doPrivileged(Ljava/security/PrivilegedAction;Ljava/security/AccessControlContext;)Ljava/lang/Object; (0 bytes) @ 0x000000010b223823 [0x000000010b2237c0+0x63]
j  com.sun.javafx.tk.quantum.GlassViewEventHandler.handleMouseEvent(Lcom/sun/glass/ui/View;JIIIIIIIZZ)V+108
j  com.sun.glass.ui.View.handleMouseEvent(JIIIIIIIZZ)V+30
j  com.sun.glass.ui.View.notifyMouse(IIIIIIIZZ)V+181
v  ~StubRoutines::call_stub

---------------  P R O C E S S  ---------------

Java Threads: ( => current thread )
  0x00007fede4b92800 JavaThread "Prism Font Disposer" daemon [_thread_blocked, id=47931, stack(0x0000000124e41000,0x0000000124f41000)]
  0x00007fede42ca800 JavaThread "Thread-5" daemon [_thread_blocked, id=46851, stack(0x00000001240c0000,0x00000001241c0000)]
  0x00007fede4a64000 JavaThread "JavaFX-Launcher" [_thread_blocked, id=46339, stack(0x0000000123bf9000,0x0000000123cf9000)]
  0x00007fede4a4c000 JavaThread "Thread-3" daemon [_thread_in_native, id=34055, stack(0x0000000122a2b000,0x0000000122aab000)]
=>0x00007fede4052800 JavaThread "JavaFX Application Thread" [_thread_in_vm, id=1811, stack(0x00007fff55cae000,0x00007fff564ae000)]
  0x00007fede4989800 JavaThread "Thread-1" daemon [_thread_blocked, id=22791, stack(0x0000000120966000,0x0000000120a66000)]
  0x00007fede4959000 JavaThread "QuantumRenderer-0" daemon [_thread_blocked, id=17923, stack(0x000000011fe64000,0x000000011ff64000)]
  0x00007fede48a7000 JavaThread "Service Thread" daemon [_thread_blocked, id=16899, stack(0x000000011fb7b000,0x000000011fc7b000)]
  0x00007fede4815000 JavaThread "C1 CompilerThread1" daemon [_thread_blocked, id=16387, stack(0x000000011fa78000,0x000000011fb78000)]
  0x00007fede482d800 JavaThread "C2 CompilerThread0" daemon [_thread_blocked, id=15875, stack(0x000000011f975000,0x000000011fa75000)]
  0x00007fede482d000 JavaThread "Signal Dispatcher" daemon [_thread_blocked, id=12055, stack(0x000000011f872000,0x000000011f972000)]
  0x00007fede4826000 JavaThread "Finalizer" daemon [_thread_blocked, id=10499, stack(0x000000011de64000,0x000000011df64000)]
  0x00007fede404b800 JavaThread "Reference Handler" daemon [_thread_blocked, id=9987, stack(0x000000011dd61000,0x000000011de61000)]
  0x00007fede4807800 JavaThread "main" [_thread_blocked, id=3331, stack(0x000000010a744000,0x000000010a844000)]

Other Threads:
  0x00007fede4047000 VMThread [stack: 0x000000011dc5e000,0x000000011dd5e000] [id=9475]
  0x00007fede4862800 WatcherThread [stack: 0x000000011fc7e000,0x000000011fd7e000] [id=17411]

VM state:not at safepoint (normal execution)

VM Mutex/Monitor currently owned by a thread: None

Heap:
 PSYoungGen      total 12288K, used 5625K [0x00000007aab00000, 0x00000007ac100000, 0x00000007c0000000)
  eden space 10752K, 38% used [0x00000007aab00000,0x00000007aaefe770,0x00000007ab580000)
  from space 1536K, 100% used [0x00000007ab580000,0x00000007ab700000,0x00000007ab700000)
  to   space 2560K, 0% used [0x00000007abe80000,0x00000007abe80000,0x00000007ac100000)
 ParOldGen       total 64000K, used 4898K [0x0000000780000000, 0x0000000783e80000, 0x00000007aab00000)
  object space 64000K, 7% used [0x0000000780000000,0x00000007804c8a80,0x0000000783e80000)
 Metaspace       used 17275K, capacity 17472K, committed 17536K, reserved 1064960K
  class space    used 2606K, capacity 2657K, committed 2688K, reserved 1048576K

Card table byte_map: [0x000000011a1c0000,0x000000011a3c1000] byte_map_base: 0x00000001165c0000

Marking Bits: (ParMarkBitMap*) 0x000000010a0e90a0
 Begin Bits: [0x000000011a61a000, 0x000000011b61a000)
 End Bits:   [0x000000011b61a000, 0x000000011c61a000)

Polling page: 0x000000010a888000

CodeCache: size=245760Kb used=4273Kb max_used=4273Kb free=241486Kb
 bounds [0x000000010ae00000, 0x000000010b230000, 0x0000000119e00000]
 total_blobs=2060 nmethods=1439 adapters=536
 compilation: enabled

Compilation events (10 events):
Event: 4.494 Thread 0x00007fede4815000 1435       3       javafx.scene.Node::sceneToLocal (21 bytes)
Event: 4.495 Thread 0x00007fede4815000 nmethod 1435 0x000000010b22b4d0 code [0x000000010b22b760, 0x000000010b22c908]
Event: 4.495 Thread 0x00007fede4815000 1436       3       javafx.scene.Node::parentToLocal (15 bytes)
Event: 4.496 Thread 0x00007fede4815000 nmethod 1436 0x000000010b22d010 code [0x000000010b22d180, 0x000000010b22d3f8]
Event: 4.732 Thread 0x00007fede4815000 1437       3       javafx.beans.property.SimpleBooleanProperty::<init> (24 bytes)
Event: 4.733 Thread 0x00007fede4815000 nmethod 1437 0x000000010b22d4d0 code [0x000000010b22d660, 0x000000010b22da30]
Event: 4.734 Thread 0x00007fede4815000 1438       3       javafx.geometry.Point3D::<init> (26 bytes)
Event: 4.734 Thread 0x00007fede4815000 nmethod 1438 0x000000010b22dc10 code [0x000000010b22dd60, 0x000000010b22df10]
Event: 4.734 Thread 0x00007fede4815000 1439       1       java.util.EventObject::getSource (5 bytes)
Event: 4.734 Thread 0x00007fede4815000 nmethod 1439 0x000000010b22dfd0 code [0x000000010b22e120, 0x000000010b22e230]

GC Heap History (10 events):
Event: 1.687 GC heap before
{Heap before GC invocations=9 (full 0):
 PSYoungGen      total 5120K, used 5056K [0x00000007aab00000, 0x00000007ab100000, 0x00000007c0000000)
  eden space 4096K, 100% used [0x00000007aab00000,0x00000007aaf00000,0x00000007aaf00000)
  from space 1024K, 93% used [0x00000007ab000000,0x00000007ab0f0030,0x00000007ab100000)
  to   space 1024K, 0% used [0x00000007aaf00000,0x00000007aaf00000,0x00000007ab000000)
 ParOldGen       total 64000K, used 712K [0x0000000780000000, 0x0000000783e80000, 0x00000007aab00000)
  object space 64000K, 1% used [0x0000000780000000,0x00000007800b2050,0x0000000783e80000)
 Metaspace       used 8114K, capacity 8302K, committed 8576K, reserved 1056768K
  class space    used 1005K, capacity 1049K, committed 1152K, reserved 1048576K
Event: 1.700 GC heap after
Heap after GC invocations=9 (full 0):
 PSYoungGen      total 5120K, used 1000K [0x00000007aab00000, 0x00000007ab480000, 0x00000007c0000000)
  eden space 4096K, 0% used [0x00000007aab00000,0x00000007aab00000,0x00000007aaf00000)
  from space 1024K, 97% used [0x00000007aaf00000,0x00000007aaffa030,0x00000007ab000000)
  to   space 1536K, 0% used [0x00000007ab300000,0x00000007ab300000,0x00000007ab480000)
 ParOldGen       total 64000K, used 1116K [0x0000000780000000, 0x0000000783e80000, 0x00000007aab00000)
  object space 64000K, 1% used [0x0000000780000000,0x0000000780117158,0x0000000783e80000)
 Metaspace       used 8114K, capacity 8302K, committed 8576K, reserved 1056768K
  class space    used 1005K, capacity 1049K, committed 1152K, reserved 1048576K
}
Event: 1.796 GC heap before
{Heap before GC invocations=10 (full 0):
 PSYoungGen      total 5120K, used 5096K [0x00000007aab00000, 0x00000007ab480000, 0x00000007c0000000)
  eden space 4096K, 100% used [0x00000007aab00000,0x00000007aaf00000,0x00000007aaf00000)
  from space 1024K, 97% used [0x00000007aaf00000,0x00000007aaffa030,0x00000007ab000000)
  to   space 1536K, 0% used [0x00000007ab300000,0x00000007ab300000,0x00000007ab480000)
 ParOldGen       total 64000K, used 1116K [0x0000000780000000, 0x0000000783e80000, 0x00000007aab00000)
  object space 64000K, 1% used [0x0000000780000000,0x0000000780117158,0x0000000783e80000)
 Metaspace       used 8853K, capacity 8964K, committed 9216K, reserved 1056768K
  class space    used 1142K, capacity 1178K, committed 1280K, reserved 1048576K
Event: 1.801 GC heap after
Heap after GC invocations=10 (full 0):
 PSYoungGen      total 8192K, used 1152K [0x00000007aab00000, 0x00000007ab480000, 0x00000007c0000000)
  eden space 6656K, 0% used [0x00000007aab00000,0x00000007aab00000,0x00000007ab180000)
  from space 1536K, 75% used [0x00000007ab300000,0x00000007ab420000,0x00000007ab480000)
  to   space 1536K, 0% used [0x00000007ab180000,0x00000007ab180000,0x00000007ab300000)
 ParOldGen       total 64000K, used 1713K [0x0000000780000000, 0x0000000783e80000, 0x00000007aab00000)
  object space 64000K, 2% used [0x0000000780000000,0x00000007801ac770,0x0000000783e80000)
 Metaspace       used 8853K, capacity 8964K, committed 9216K, reserved 1056768K
  class space    used 1142K, capacity 1178K, committed 1280K, reserved 1048576K
}
Event: 1.984 GC heap before
{Heap before GC invocations=11 (full 0):
 PSYoungGen      total 8192K, used 7808K [0x00000007aab00000, 0x00000007ab480000, 0x00000007c0000000)
  eden space 6656K, 100% used [0x00000007aab00000,0x00000007ab180000,0x00000007ab180000)
  from space 1536K, 75% used [0x00000007ab300000,0x00000007ab420000,0x00000007ab480000)
  to   space 1536K, 0% used [0x00000007ab180000,0x00000007ab180000,0x00000007ab300000)
 ParOldGen       total 64000K, used 1713K [0x0000000780000000, 0x0000000783e80000, 0x00000007aab00000)
  object space 64000K, 2% used [0x0000000780000000,0x00000007801ac770,0x0000000783e80000)
 Metaspace       used 10639K, capacity 10802K, committed 11008K, reserved 1058816K
  class space    used 1422K, capacity 1474K, committed 1536K, reserved 1048576K
Event: 1.990 GC heap after
Heap after GC invocations=11 (full 0):
 PSYoungGen      total 8192K, used 802K [0x00000007aab00000, 0x00000007ab880000, 0x00000007c0000000)
  eden space 6656K, 0% used [0x00000007aab00000,0x00000007aab00000,0x00000007ab180000)
  from space 1536K, 52% used [0x00000007ab180000,0x00000007ab248b28,0x00000007ab300000)
  to   space 1536K, 0% used [0x00000007ab700000,0x00000007ab700000,0x00000007ab880000)
 ParOldGen       total 64000K, used 2827K [0x0000000780000000, 0x0000000783e80000, 0x00000007aab00000)
  object space 64000K, 4% used [0x0000000780000000,0x00000007802c2ef0,0x0000000783e80000)
 Metaspace       used 10639K, capacity 10802K, committed 11008K, reserved 1058816K
  class space    used 1422K, capacity 1474K, committed 1536K, reserved 1048576K
}
Event: 2.523 GC heap before
{Heap before GC invocations=12 (full 0):
 PSYoungGen      total 8192K, used 7458K [0x00000007aab00000, 0x00000007ab880000, 0x00000007c0000000)
  eden space 6656K, 100% used [0x00000007aab00000,0x00000007ab180000,0x00000007ab180000)
  from space 1536K, 52% used [0x00000007ab180000,0x00000007ab248b28,0x00000007ab300000)
  to   space 1536K, 0% used [0x00000007ab700000,0x00000007ab700000,0x00000007ab880000)
 ParOldGen       total 64000K, used 2827K [0x0000000780000000, 0x0000000783e80000, 0x00000007aab00000)
  object space 64000K, 4% used [0x0000000780000000,0x00000007802c2ef0,0x0000000783e80000)
 Metaspace       used 13803K, capacity 14016K, committed 14080K, reserved 1060864K
  class space    used 1948K, capacity 2017K, committed 2048K, reserved 1048576K
Event: 2.528 GC heap after
Heap after GC invocations=12 (full 0):
 PSYoungGen      total 12288K, used 1027K [0x00000007aab00000, 0x00000007ab880000, 0x00000007c0000000)
  eden space 10752K, 0% used [0x00000007aab00000,0x00000007aab00000,0x00000007ab580000)
  from space 1536K, 66% used [0x00000007ab700000,0x00000007ab800c88,0x00000007ab880000)
  to   space 1536K, 0% used [0x00000007ab580000,0x00000007ab580000,0x00000007ab700000)
 ParOldGen       total 64000K, used 3379K [0x0000000780000000, 0x0000000783e80000, 0x00000007aab00000)
  object space 64000K, 5% used [0x0000000780000000,0x000000078034cef0,0x0000000783e80000)
 Metaspace       used 13803K, capacity 14016K, committed 14080K, reserved 1060864K
  class space    used 1948K, capacity 2017K, committed 2048K, reserved 1048576K
}
Event: 3.465 GC heap before
{Heap before GC invocations=13 (full 0):
 PSYoungGen      total 12288K, used 11779K [0x00000007aab00000, 0x00000007ab880000, 0x00000007c0000000)
  eden space 10752K, 100% used [0x00000007aab00000,0x00000007ab580000,0x00000007ab580000)
  from space 1536K, 66% used [0x00000007ab700000,0x00000007ab800c88,0x00000007ab880000)
  to   space 1536K, 0% used [0x00000007ab580000,0x00000007ab580000,0x00000007ab700000)
 ParOldGen       total 64000K, used 3379K [0x0000000780000000, 0x0000000783e80000, 0x00000007aab00000)
  object space 64000K, 5% used [0x0000000780000000,0x000000078034cef0,0x0000000783e80000)
 Metaspace       used 16622K, capacity 16800K, committed 17024K, reserved 1062912K
  class space    used 2518K, capacity 2561K, committed 2688K, reserved 1048576K
Event: 3.504 GC heap after
Heap after GC invocations=13 (full 0):
 PSYoungGen      total 12288K, used 1536K [0x00000007aab00000, 0x00000007ac100000, 0x00000007c0000000)
  eden space 10752K, 0% used [0x00000007aab00000,0x00000007aab00000,0x00000007ab580000)
  from space 1536K, 100% used [0x00000007ab580000,0x00000007ab700000,0x00000007ab700000)
  to   space 2560K, 0% used [0x00000007abe80000,0x00000007abe80000,0x00000007ac100000)
 ParOldGen       total 64000K, used 4898K [0x0000000780000000, 0x0000000783e80000, 0x00000007aab00000)
  object space 64000K, 7% used [0x0000000780000000,0x00000007804c8a80,0x0000000783e80000)
 Metaspace       used 16622K, capacity 16800K, committed 17024K, reserved 1062912K
  class space    used 2518K, capacity 2561K, committed 2688K, reserved 1048576K
}

Deoptimization events (10 events):
Event: 2.457 Thread 0x00007fede4052800 Uncommon trap: reason=class_check action=maybe_recompile pc=0x000000010b020590 method=java.io.DataInputStream.readShort()S @ 4
Event: 2.458 Thread 0x00007fede4052800 Uncommon trap: reason=class_check action=maybe_recompile pc=0x000000010b020590 method=java.io.DataInputStream.readShort()S @ 4
Event: 2.458 Thread 0x00007fede4052800 Uncommon trap: reason=class_check action=maybe_recompile pc=0x000000010b020590 method=java.io.DataInputStream.readShort()S @ 4
Event: 2.467 Thread 0x00007fede4052800 Uncommon trap: reason=class_check action=maybe_recompile pc=0x000000010af2afdc method=java.lang.String.equals(Ljava/lang/Object;)Z @ 8
Event: 2.467 Thread 0x00007fede4052800 Uncommon trap: reason=class_check action=maybe_recompile pc=0x000000010af2afdc method=java.lang.String.equals(Ljava/lang/Object;)Z @ 8
Event: 2.471 Thread 0x00007fede4052800 Uncommon trap: reason=class_check action=maybe_recompile pc=0x000000010af2afdc method=java.lang.String.equals(Ljava/lang/Object;)Z @ 8
Event: 2.471 Thread 0x00007fede4052800 Uncommon trap: reason=class_check action=maybe_recompile pc=0x000000010af2afdc method=java.lang.String.equals(Ljava/lang/Object;)Z @ 8
Event: 2.733 Thread 0x00007fede4052800 Uncommon trap: reason=unloaded action=reinterpret pc=0x000000010aff9558 method=java.lang.CharacterData.of(I)Ljava/lang/CharacterData; @ 96
Event: 3.189 Thread 0x00007fede4052800 Uncommon trap: reason=bimorphic action=maybe_recompile pc=0x000000010b109cec method=java.util.HashMap.putVal(ILjava/lang/Object;Ljava/lang/Object;ZZ)Ljava/lang/Object; @ 203
Event: 3.955 Thread 0x00007fede4959000 Uncommon trap: reason=unreached action=reinterpret pc=0x000000010b1f6c20 method=java.util.WeakHashMap.eq(Ljava/lang/Object;Ljava/lang/Object;)Z @ 2

Internal exceptions (10 events):
Event: 2.342 Thread 0x00007fede42ca800 Exception <a 'java/security/PrivilegedActionException'> (0x00000007aae41868) thrown at [/HUDSON3/workspace/8-2-build-macosx-x86_64/jdk8u11/648/hotspot/src/share/vm/prims/jvm.cpp, line 1248]
Event: 2.342 Thread 0x00007fede42ca800 Exception <a 'java/security/PrivilegedActionException'> (0x00000007aae46e80) thrown at [/HUDSON3/workspace/8-2-build-macosx-x86_64/jdk8u11/648/hotspot/src/share/vm/prims/jvm.cpp, line 1248]
Event: 2.344 Thread 0x00007fede42ca800 Exception <a 'java/security/PrivilegedActionException'> (0x00000007aae58918) thrown at [/HUDSON3/workspace/8-2-build-macosx-x86_64/jdk8u11/648/hotspot/src/share/vm/prims/jvm.cpp, line 1248]
Event: 2.438 Thread 0x00007fede4052800 Implicit null exception at 0x000000010b0b14b5 to 0x000000010b0b16c1
Event: 2.924 Thread 0x00007fede4052800 Exception <a 'java/security/PrivilegedActionException'> (0x00000007aad8e680) thrown at [/HUDSON3/workspace/8-2-build-macosx-x86_64/jdk8u11/648/hotspot/src/share/vm/prims/jvm.cpp, line 1248]
Event: 2.925 Thread 0x00007fede4052800 Exception <a 'java/security/PrivilegedActionException'> (0x00000007aada3790) thrown at [/HUDSON3/workspace/8-2-build-macosx-x86_64/jdk8u11/648/hotspot/src/share/vm/prims/jvm.cpp, line 1248]
Event: 2.926 Thread 0x00007fede4052800 Exception <a 'java/security/PrivilegedActionException'> (0x00000007aadc18b0) thrown at [/HUDSON3/workspace/8-2-build-macosx-x86_64/jdk8u11/648/hotspot/src/share/vm/prims/jvm.cpp, line 1248]
Event: 4.734 Thread 0x00007fede4052800 Exception <a 'java/security/PrivilegedActionException'> (0x00000007aaed9380) thrown at [/HUDSON3/workspace/8-2-build-macosx-x86_64/jdk8u11/648/hotspot/src/share/vm/prims/jvm.cpp, line 1248]
Event: 4.735 Thread 0x00007fede4052800 Exception <a 'java/security/PrivilegedActionException'> (0x00000007aaede7c0) thrown at [/HUDSON3/workspace/8-2-build-macosx-x86_64/jdk8u11/648/hotspot/src/share/vm/prims/jvm.cpp, line 1248]
Event: 4.736 Thread 0x00007fede4052800 Exception <a 'java/security/PrivilegedActionException'> (0x00000007aaee9f18) thrown at [/HUDSON3/workspace/8-2-build-macosx-x86_64/jdk8u11/648/hotspot/src/share/vm/prims/jvm.cpp, line 1248]

Events (10 events):
Event: 4.735 loading class java/sql/ParameterMetaData
Event: 4.735 loading class java/sql/ParameterMetaData done
Event: 4.735 loading class org/sqlite/jdbc3/JDBC3PreparedStatement
Event: 4.735 loading class org/sqlite/jdbc3/JDBC3PreparedStatement done
Event: 4.736 loading class org/sqlite/core/CorePreparedStatement
Event: 4.736 loading class org/sqlite/core/CorePreparedStatement done
Event: 4.736 loading class java/sql/Date
Event: 4.736 loading class java/sql/Date done
Event: 4.736 Executing VM operation: Deoptimize
Event: 4.737 Executing VM operation: Deoptimize done


Dynamic libraries:
0x000000000a286000 	/System/Library/Frameworks/Cocoa.framework/Versions/A/Cocoa
0x000000000a286000 	/System/Library/Frameworks/Security.framework/Versions/A/Security
0x000000000a286000 	/System/Library/Frameworks/ApplicationServices.framework/Versions/A/ApplicationServices
0x000000000a286000 	/usr/lib/libz.1.dylib
0x000000000a286000 	/usr/lib/libSystem.B.dylib
0x000000000a286000 	/usr/lib/libobjc.A.dylib
0x000000000a286000 	/System/Library/Frameworks/CoreFoundation.framework/Versions/A/CoreFoundation
0x000000000a286000 	/System/Library/Frameworks/Foundation.framework/Versions/C/Foundation
0x000000000a286000 	/System/Library/Frameworks/AppKit.framework/Versions/C/AppKit
0x000000000a286000 	/System/Library/Frameworks/CoreData.framework/Versions/A/CoreData
0x000000000a286000 	/System/Library/PrivateFrameworks/RemoteViewServices.framework/Versions/A/RemoteViewServices
0x000000000a286000 	/System/Library/PrivateFrameworks/UIFoundation.framework/Versions/A/UIFoundation
0x000000000a286000 	/System/Library/Frameworks/IOSurface.framework/Versions/A/IOSurface
0x000000000a286000 	/System/Library/Frameworks/AudioToolbox.framework/Versions/A/AudioToolbox
0x000000000a286000 	/System/Library/Frameworks/AudioUnit.framework/Versions/A/AudioUnit
0x000000000a286000 	/System/Library/PrivateFrameworks/DataDetectorsCore.framework/Versions/A/DataDetectorsCore
0x000000000a286000 	/System/Library/PrivateFrameworks/DesktopServicesPriv.framework/Versions/A/DesktopServicesPriv
0x000000000a286000 	/System/Library/Frameworks/Carbon.framework/Versions/A/Frameworks/HIToolbox.framework/Versions/A/HIToolbox
0x000000000a286000 	/System/Library/Frameworks/QuartzCore.framework/Versions/A/QuartzCore
0x000000000a286000 	/System/Library/Frameworks/Carbon.framework/Versions/A/Frameworks/SpeechRecognition.framework/Versions/A/SpeechRecognition
0x000000000a286000 	/usr/lib/libauto.dylib
0x000000000a286000 	/usr/lib/libicucore.A.dylib
0x000000000a286000 	/usr/lib/libxml2.2.dylib
0x000000000a286000 	/System/Library/PrivateFrameworks/CoreUI.framework/Versions/A/CoreUI
0x000000000a286000 	/System/Library/Frameworks/CoreAudio.framework/Versions/A/CoreAudio
0x000000000a286000 	/System/Library/Frameworks/DiskArbitration.framework/Versions/A/DiskArbitration
0x000000000a286000 	/usr/lib/liblangid.dylib
0x000000000a286000 	/System/Library/PrivateFrameworks/MultitouchSupport.framework/Versions/A/MultitouchSupport
0x000000000a286000 	/System/Library/Frameworks/IOKit.framework/Versions/A/IOKit
0x000000000a286000 	/usr/lib/libDiagnosticMessagesClient.dylib
0x000000000a286000 	/System/Library/Frameworks/CoreServices.framework/Versions/A/CoreServices
0x000000000a286000 	/System/Library/PrivateFrameworks/PerformanceAnalysis.framework/Versions/A/PerformanceAnalysis
0x000000000a286000 	/System/Library/PrivateFrameworks/GenerationalStorage.framework/Versions/A/GenerationalStorage
0x000000000a286000 	/System/Library/Frameworks/OpenGL.framework/Versions/A/OpenGL
0x000000000a286000 	/System/Library/PrivateFrameworks/Sharing.framework/Versions/A/Sharing
0x000000000a286000 	/System/Library/Frameworks/CoreGraphics.framework/Versions/A/CoreGraphics
0x000000000a286000 	/System/Library/Frameworks/CoreText.framework/Versions/A/CoreText
0x000000000a286000 	/System/Library/Frameworks/ImageIO.framework/Versions/A/ImageIO
0x000000000a286000 	/usr/lib/libextension.dylib
0x000000000a286000 	/System/Library/PrivateFrameworks/Backup.framework/Versions/A/Backup
0x000000000a286000 	/usr/lib/libarchive.2.dylib
0x000000000a286000 	/System/Library/Frameworks/CFNetwork.framework/Versions/A/CFNetwork
0x000000000a286000 	/System/Library/Frameworks/SystemConfiguration.framework/Versions/A/SystemConfiguration
0x000000000a286000 	/usr/lib/libCRFSuite.dylib
0x000000000a286000 	/usr/lib/libc++.1.dylib
0x000000000a286000 	/usr/lib/libc++abi.dylib
0x000000000a286000 	/usr/lib/system/libcache.dylib
0x000000000a286000 	/usr/lib/system/libcommonCrypto.dylib
0x000000000a286000 	/usr/lib/system/libcompiler_rt.dylib
0x000000000a286000 	/usr/lib/system/libcopyfile.dylib
0x000000000a286000 	/usr/lib/system/libcorecrypto.dylib
0x000000000a286000 	/usr/lib/system/libdispatch.dylib
0x000000000a286000 	/usr/lib/system/libdyld.dylib
0x000000000a286000 	/usr/lib/system/libkeymgr.dylib
0x000000000a286000 	/usr/lib/system/liblaunch.dylib
0x000000000a286000 	/usr/lib/system/libmacho.dylib
0x000000000a286000 	/usr/lib/system/libquarantine.dylib
0x000000000a286000 	/usr/lib/system/libremovefile.dylib
0x000000000a286000 	/usr/lib/system/libsystem_asl.dylib
0x000000000a286000 	/usr/lib/system/libsystem_blocks.dylib
0x000000000a286000 	/usr/lib/system/libsystem_c.dylib
0x000000000a286000 	/usr/lib/system/libsystem_configuration.dylib
0x000000000a286000 	/usr/lib/system/libsystem_coreservices.dylib
0x000000000a286000 	/usr/lib/system/libsystem_coretls.dylib
0x000000000a286000 	/usr/lib/system/libsystem_dnssd.dylib
0x000000000a286000 	/usr/lib/system/libsystem_info.dylib
0x000000000a286000 	/usr/lib/system/libsystem_kernel.dylib
0x000000000a286000 	/usr/lib/system/libsystem_m.dylib
0x000000000a286000 	/usr/lib/system/libsystem_malloc.dylib
0x000000000a286000 	/usr/lib/system/libsystem_network.dylib
0x000000000a286000 	/usr/lib/system/libsystem_networkextension.dylib
0x000000000a286000 	/usr/lib/system/libsystem_notify.dylib
0x000000000a286000 	/usr/lib/system/libsystem_platform.dylib
0x000000000a286000 	/usr/lib/system/libsystem_pthread.dylib
0x000000000a286000 	/usr/lib/system/libsystem_sandbox.dylib
0x000000000a286000 	/usr/lib/system/libsystem_secinit.dylib
0x000000000a286000 	/usr/lib/system/libsystem_stats.dylib
0x000000000a286000 	/usr/lib/system/libsystem_trace.dylib
0x000000000a286000 	/usr/lib/system/libunc.dylib
0x000000000a286000 	/usr/lib/system/libunwind.dylib
0x000000000a286000 	/usr/lib/system/libxpc.dylib
0x000000000a286000 	/usr/lib/libbz2.1.0.dylib
0x000000000a286000 	/usr/lib/liblzma.5.dylib
0x000000000a286000 	/usr/lib/libbsm.0.dylib
0x000000000a286000 	/usr/lib/libsqlite3.dylib
0x000000000a286000 	/usr/lib/system/libkxld.dylib
0x000000000a286000 	/usr/lib/libxar.1.dylib
0x000000000a286000 	/usr/lib/libpam.2.dylib
0x000000000a286000 	/usr/lib/libOpenScriptingUtil.dylib
0x000000000a286000 	/System/Library/Frameworks/CoreServices.framework/Versions/A/Frameworks/FSEvents.framework/Versions/A/FSEvents
0x000000000a286000 	/System/Library/Frameworks/CoreServices.framework/Versions/A/Frameworks/CarbonCore.framework/Versions/A/CarbonCore
0x000000000a286000 	/System/Library/Frameworks/CoreServices.framework/Versions/A/Frameworks/Metadata.framework/Versions/A/Metadata
0x000000000a286000 	/System/Library/Frameworks/CoreServices.framework/Versions/A/Frameworks/OSServices.framework/Versions/A/OSServices
0x000000000a286000 	/System/Library/Frameworks/CoreServices.framework/Versions/A/Frameworks/SearchKit.framework/Versions/A/SearchKit
0x000000000a286000 	/System/Library/Frameworks/CoreServices.framework/Versions/A/Frameworks/AE.framework/Versions/A/AE
0x000000000a286000 	/System/Library/Frameworks/CoreServices.framework/Versions/A/Frameworks/LaunchServices.framework/Versions/A/LaunchServices
0x000000000a286000 	/System/Library/Frameworks/CoreServices.framework/Versions/A/Frameworks/DictionaryServices.framework/Versions/A/DictionaryServices
0x000000000a286000 	/System/Library/Frameworks/NetFS.framework/Versions/A/NetFS
0x000000000a286000 	/System/Library/PrivateFrameworks/NetAuth.framework/Versions/A/NetAuth
0x000000000a286000 	/System/Library/PrivateFrameworks/login.framework/Versions/A/Frameworks/loginsupport.framework/Versions/A/loginsupport
0x000000000a286000 	/System/Library/PrivateFrameworks/TCC.framework/Versions/A/TCC
0x000000000a286000 	/usr/lib/libmecabra.dylib
0x000000000a286000 	/System/Library/Frameworks/ApplicationServices.framework/Versions/A/Frameworks/ATS.framework/Versions/A/ATS
0x000000000a286000 	/System/Library/Frameworks/ApplicationServices.framework/Versions/A/Frameworks/ColorSync.framework/Versions/A/ColorSync
0x000000000a286000 	/System/Library/Frameworks/ApplicationServices.framework/Versions/A/Frameworks/HIServices.framework/Versions/A/HIServices
0x000000000a286000 	/System/Library/Frameworks/ApplicationServices.framework/Versions/A/Frameworks/LangAnalysis.framework/Versions/A/LangAnalysis
0x000000000a286000 	/System/Library/Frameworks/ApplicationServices.framework/Versions/A/Frameworks/PrintCore.framework/Versions/A/PrintCore
0x000000000a286000 	/System/Library/Frameworks/ApplicationServices.framework/Versions/A/Frameworks/QD.framework/Versions/A/QD
0x000000000a286000 	/System/Library/Frameworks/ApplicationServices.framework/Versions/A/Frameworks/SpeechSynthesis.framework/Versions/A/SpeechSynthesis
0x000000000a286000 	/System/Library/Frameworks/Accelerate.framework/Versions/A/Accelerate
0x000000000a286000 	/System/Library/Frameworks/Accelerate.framework/Versions/A/Frameworks/vImage.framework/Versions/A/vImage
0x000000000a286000 	/System/Library/Frameworks/Accelerate.framework/Versions/A/Frameworks/vecLib.framework/Versions/A/vecLib
0x000000000a286000 	/System/Library/Frameworks/Accelerate.framework/Versions/A/Frameworks/vecLib.framework/Versions/A/libvDSP.dylib
0x000000000a286000 	/System/Library/Frameworks/Accelerate.framework/Versions/A/Frameworks/vecLib.framework/Versions/A/libvMisc.dylib
0x000000000a286000 	/System/Library/Frameworks/Accelerate.framework/Versions/A/Frameworks/vecLib.framework/Versions/A/libLAPACK.dylib
0x000000000a286000 	/System/Library/Frameworks/Accelerate.framework/Versions/A/Frameworks/vecLib.framework/Versions/A/libBLAS.dylib
0x000000000a286000 	/System/Library/Frameworks/Accelerate.framework/Versions/A/Frameworks/vecLib.framework/Versions/A/libLinearAlgebra.dylib
0x000000000a286000 	/System/Library/Frameworks/ApplicationServices.framework/Versions/A/Frameworks/ATS.framework/Versions/A/Resources/libFontParser.dylib
0x000000000a286000 	/System/Library/Frameworks/ApplicationServices.framework/Versions/A/Frameworks/ATS.framework/Versions/A/Resources/libFontRegistry.dylib
0x000000000a286000 	/System/Library/PrivateFrameworks/AppleVPA.framework/Versions/A/AppleVPA
0x000000000a286000 	/System/Library/PrivateFrameworks/AppleJPEG.framework/Versions/A/AppleJPEG
0x000000000a286000 	/System/Library/Frameworks/ImageIO.framework/Versions/A/Resources/libJPEG.dylib
0x000000000a286000 	/System/Library/Frameworks/ImageIO.framework/Versions/A/Resources/libTIFF.dylib
0x000000000a286000 	/System/Library/Frameworks/ImageIO.framework/Versions/A/Resources/libPng.dylib
0x000000000a286000 	/System/Library/Frameworks/ImageIO.framework/Versions/A/Resources/libGIF.dylib
0x000000000a286000 	/System/Library/Frameworks/ImageIO.framework/Versions/A/Resources/libJP2.dylib
0x000000000a286000 	/System/Library/Frameworks/ImageIO.framework/Versions/A/Resources/libRadiance.dylib
0x000000000a286000 	/System/Library/Frameworks/CoreVideo.framework/Versions/A/CoreVideo
0x000000000a286000 	/System/Library/Frameworks/OpenGL.framework/Versions/A/Libraries/libGLU.dylib
0x000000000a286000 	/System/Library/Frameworks/OpenGL.framework/Versions/A/Libraries/libGFXShared.dylib
0x000000000a286000 	/System/Library/Frameworks/OpenGL.framework/Versions/A/Libraries/libGL.dylib
0x000000000a286000 	/System/Library/Frameworks/OpenGL.framework/Versions/A/Libraries/libGLImage.dylib
0x000000000a286000 	/System/Library/Frameworks/OpenGL.framework/Versions/A/Libraries/libCVMSPluginSupport.dylib
0x000000000a286000 	/System/Library/Frameworks/OpenGL.framework/Versions/A/Libraries/libCoreVMClient.dylib
0x000000000a286000 	/usr/lib/libcups.2.dylib
0x000000000a286000 	/System/Library/Frameworks/Kerberos.framework/Versions/A/Kerberos
0x000000000a286000 	/System/Library/Frameworks/GSS.framework/Versions/A/GSS
0x000000000a286000 	/usr/lib/libresolv.9.dylib
0x000000000a286000 	/usr/lib/libiconv.2.dylib
0x000000000a286000 	/System/Library/PrivateFrameworks/Heimdal.framework/Versions/A/Heimdal
0x000000000a286000 	/usr/lib/libheimdal-asn1.dylib
0x000000000a286000 	/System/Library/Frameworks/OpenDirectory.framework/Versions/A/OpenDirectory
0x000000000a286000 	/System/Library/PrivateFrameworks/CommonAuth.framework/Versions/A/CommonAuth
0x000000000a286000 	/System/Library/Frameworks/OpenDirectory.framework/Versions/A/Frameworks/CFOpenDirectory.framework/Versions/A/CFOpenDirectory
0x000000000a286000 	/System/Library/Frameworks/SecurityFoundation.framework/Versions/A/SecurityFoundation
0x000000000a286000 	/System/Library/PrivateFrameworks/LanguageModeling.framework/Versions/A/LanguageModeling
0x000000000a286000 	/usr/lib/libcmph.dylib
0x000000000a286000 	/System/Library/Frameworks/ServiceManagement.framework/Versions/A/ServiceManagement
0x000000000a286000 	/usr/lib/libxslt.1.dylib
0x000000000a286000 	/System/Library/Frameworks/Carbon.framework/Versions/A/Frameworks/Ink.framework/Versions/A/Ink
0x000000000a286000 	/System/Library/Frameworks/QuartzCore.framework/Versions/A/Frameworks/CoreImage.framework/Versions/A/CoreImage
0x000000000a286000 	/System/Library/PrivateFrameworks/CrashReporterSupport.framework/Versions/A/CrashReporterSupport
0x000000000a286000 	/System/Library/Frameworks/OpenCL.framework/Versions/A/OpenCL
0x000000000a286000 	/System/Library/PrivateFrameworks/FaceCore.framework/Versions/A/FaceCore
0x000000000a286000 	/System/Library/PrivateFrameworks/Ubiquity.framework/Versions/A/Ubiquity
0x000000000a286000 	/System/Library/PrivateFrameworks/IconServices.framework/Versions/A/IconServices
0x000000000a286000 	/System/Library/PrivateFrameworks/ChunkingLibrary.framework/Versions/A/ChunkingLibrary
0x000000000a286000 	/System/Library/PrivateFrameworks/Apple80211.framework/Versions/A/Apple80211
0x000000000a286000 	/System/Library/Frameworks/CoreWLAN.framework/Versions/A/CoreWLAN
0x000000000a286000 	/System/Library/Frameworks/IOBluetooth.framework/Versions/A/IOBluetooth
0x000000000a286000 	/System/Library/PrivateFrameworks/CoreWiFi.framework/Versions/A/CoreWiFi
0x000000000a286000 	/System/Library/Frameworks/CoreBluetooth.framework/Versions/A/CoreBluetooth
0x000000000a286000 	/System/Library/PrivateFrameworks/DebugSymbols.framework/Versions/A/DebugSymbols
0x000000000a286000 	/System/Library/PrivateFrameworks/CoreSymbolication.framework/Versions/A/CoreSymbolication
0x000000000a286000 	/System/Library/PrivateFrameworks/Symbolication.framework/Versions/A/Symbolication
0x000000000a286000 	/System/Library/PrivateFrameworks/SpeechRecognitionCore.framework/Versions/A/SpeechRecognitionCore
0x0000000109882000 	/Library/Java/JavaVirtualMachines/jdk1.8.0_11.jdk/Contents/Home/jre/lib/server/libjvm.dylib
0x000000000a286000 	/usr/lib/libstdc++.6.dylib
0x000000010a846000 	/Library/Java/JavaVirtualMachines/jdk1.8.0_11.jdk/Contents/Home/jre/lib/libverify.dylib
0x000000010a854000 	/Library/Java/JavaVirtualMachines/jdk1.8.0_11.jdk/Contents/Home/jre/lib/libjava.dylib
0x000000010a892000 	/Library/Java/JavaVirtualMachines/jdk1.8.0_11.jdk/Contents/Home/jre/lib/libzip.dylib
0x000000011df66000 	/System/Library/Frameworks/JavaVM.framework/Frameworks/JavaRuntimeSupport.framework/JavaRuntimeSupport
0x000000010a9e9000 	/System/Library/Frameworks/JavaVM.framework/Versions/A/Frameworks/JavaNativeFoundation.framework/Versions/A/JavaNativeFoundation
0x000000011df7e000 	/System/Library/Frameworks/JavaVM.framework/Versions/A/JavaVM
0x000000000a286000 	/System/Library/Frameworks/Carbon.framework/Versions/A/Carbon
0x000000011df8b000 	/System/Library/PrivateFrameworks/JavaLaunching.framework/Versions/A/JavaLaunching
0x000000000a286000 	/System/Library/Frameworks/Carbon.framework/Versions/A/Frameworks/CommonPanels.framework/Versions/A/CommonPanels
0x000000000a286000 	/System/Library/Frameworks/Carbon.framework/Versions/A/Frameworks/Help.framework/Versions/A/Help
0x000000000a286000 	/System/Library/Frameworks/Carbon.framework/Versions/A/Frameworks/ImageCapture.framework/Versions/A/ImageCapture
0x000000000a286000 	/System/Library/Frameworks/Carbon.framework/Versions/A/Frameworks/OpenScripting.framework/Versions/A/OpenScripting
0x000000000a286000 	/System/Library/Frameworks/Carbon.framework/Versions/A/Frameworks/Print.framework/Versions/A/Print
0x000000000a286000 	/System/Library/Frameworks/Carbon.framework/Versions/A/Frameworks/SecurityHI.framework/Versions/A/SecurityHI
0x000000011ff66000 	/Library/Java/JavaVirtualMachines/jdk1.8.0_11.jdk/Contents/Home/jre/lib/libprism_es2.dylib
0x000000000a286000 	/System/Library/Frameworks/OpenGL.framework/Versions/A/Resources/GLEngine.bundle/GLEngine
0x000000000a286000 	/System/Library/Frameworks/OpenGL.framework/Versions/A/Libraries/libGLProgrammability.dylib
0x0000000000000000 	/System/Library/Extensions/GeForceTeslaGLDriver.bundle/Contents/MacOS/GeForceTeslaGLDriver
0x000000011ffe7000 	/System/Library/Extensions/GeForceTeslaGLDriver.bundle/Contents/MacOS/libclh.dylib
0x000000012082e000 	/System/Library/PrivateFrameworks/GPUSupport.framework/Versions/A/Libraries/libGPUSupport.dylib
0x000000000a286000 	/System/Library/Frameworks/OpenGL.framework/Versions/A/Resources/GLRendererFloat.bundle/GLRendererFloat
0x000000000a286000 	/System/Library/Frameworks/OpenCL.framework/Versions/A/Libraries/libcldcpuengine.dylib
0x000000000a286000 	/System/Library/PrivateFrameworks/DiskImages.framework/Versions/A/DiskImages
0x000000000a286000 	/System/Library/Frameworks/DiscRecording.framework/Versions/A/DiscRecording
0x000000000a286000 	/usr/lib/libcsfde.dylib
0x000000000a286000 	/usr/lib/libcurl.4.dylib
0x000000000a286000 	/System/Library/PrivateFrameworks/MediaKit.framework/Versions/A/MediaKit
0x000000000a286000 	/System/Library/PrivateFrameworks/ProtectedCloudStorage.framework/Versions/A/ProtectedCloudStorage
0x000000000a286000 	/usr/lib/libCoreStorage.dylib
0x000000000a286000 	/System/Library/PrivateFrameworks/EFILogin.framework/Versions/A/EFILogin
0x000000000a286000 	/usr/lib/libutil.dylib
0x000000000a286000 	/System/Library/PrivateFrameworks/FindMyDevice.framework/Versions/A/FindMyDevice
0x000000000a286000 	/System/Library/Frameworks/LDAP.framework/Versions/A/LDAP
0x000000000a286000 	/usr/lib/libsasl2.2.dylib
0x000000000a286000 	/System/Library/PrivateFrameworks/CoreDaemon.framework/Versions/B/CoreDaemon
0x000000000a286000 	/usr/lib/libcrypto.0.9.8.dylib
0x000000000a286000 	/System/Library/PrivateFrameworks/AppleSRP.framework/Versions/A/AppleSRP
0x000000000a286000 	/System/Library/PrivateFrameworks/TrustEvaluationAgent.framework/Versions/A/TrustEvaluationAgent
0x00000001208fb000 	/Library/Java/JavaVirtualMachines/jdk1.8.0_11.jdk/Contents/Home/jre/lib/libglass.dylib
0x000000000a286000 	/System/Library/PrivateFrameworks/CoreServicesInternal.framework/Versions/A/CoreServicesInternal
0x000000000a286000 	/System/Library/PrivateFrameworks/CloudDocs.framework/Versions/A/CloudDocs
0x000000000a286000 	/System/Library/PrivateFrameworks/CoreDuet.framework/Versions/A/CoreDuet
0x000000000a286000 	/System/Library/Frameworks/CloudKit.framework/Versions/A/CloudKit
0x000000000a286000 	/System/Library/PrivateFrameworks/ProtocolBuffer.framework/Versions/A/ProtocolBuffer
0x000000000a286000 	/System/Library/PrivateFrameworks/CoreDuetDaemonProtocol.framework/Versions/A/CoreDuetDaemonProtocol
0x000000000a286000 	/System/Library/PrivateFrameworks/CoreDuetDebugLogging.framework/Versions/A/CoreDuetDebugLogging
0x000000000a286000 	/System/Library/PrivateFrameworks/MMCS.framework/Versions/A/MMCS
0x000000000a286000 	/System/Library/Frameworks/CoreLocation.framework/Versions/A/CoreLocation
0x000000000a286000 	/System/Library/PrivateFrameworks/GeoServices.framework/Versions/A/GeoServices
0x0000000120fda000 	/System/Library/Frameworks/CoreGraphics.framework/Versions/A/Resources/libCGCMS.A.dylib
0x000000000a286000 	/System/Library/CoreServices/RawCamera.bundle/Contents/MacOS/RawCamera
0x0000000122401000 	/System/Library/Frameworks/CoreGraphics.framework/Versions/A/Resources/libRIP.A.dylib
0x000000000a286000 	/System/Library/PrivateFrameworks/FamilyControls.framework/Versions/A/FamilyControls
0x000000000a286000 	/System/Library/PrivateFrameworks/CommerceKit.framework/Versions/A/Frameworks/CommerceCore.framework/Versions/A/CommerceCore
0x000000000a286000 	/System/Library/PrivateFrameworks/SystemAdministration.framework/Versions/A/SystemAdministration
0x000000000a286000 	/System/Library/PrivateFrameworks/AppContainer.framework/Versions/A/AppContainer
0x000000000a286000 	/System/Library/PrivateFrameworks/SecCodeWrapper.framework/Versions/A/SecCodeWrapper
0x000000000a286000 	/System/Library/Frameworks/DirectoryService.framework/Versions/A/DirectoryService
0x000000000a286000 	/System/Library/PrivateFrameworks/LoginUIKit.framework/Versions/A/Frameworks/LoginUICore.framework/Versions/A/LoginUICore
0x000000000a286000 	/usr/lib/libodfde.dylib
0x0000000120ffe000 	/Library/Java/JavaVirtualMachines/jdk1.8.0_11.jdk/Contents/Home/jre/lib/libjavafx_font.dylib
0x00000001243fd000 	/private/var/folders/wr/k_5vtmp97v32sxhwbf2m05zm0000gn/T/sqlite-3.8.11.1-04f2edbe-c49a-4c97-8378-540c2b310dc7-libsqlitejdbc.jnilib
0x0000000124c38000 	/System/Library/Frameworks/CoreGraphics.framework/Versions/A/Resources/libCGXType.A.dylib
0x000000012570f000 	cl_kernels
0x00000001265c7000 	/System/Library/Frameworks/OpenCL.framework/Versions/A/Libraries/ImageFormats/unorm8_bgra.dylib
0x0000000125714000 	cl_kernels
0x00000001278bf000 	/Library/Java/JavaVirtualMachines/jdk1.8.0_11.jdk/Contents/Home/jre/lib/libprism_common.dylib

VM Arguments:
jvm_args: -Dfile.encoding=UTF-8 
java_command: /Users/Alfonso/Documents/UNAM/MYP/DMDB/dist/run215083698/DMDB.jar
java_class_path (initial): /Users/Alfonso/Documents/UNAM/MYP/DMDB/dist/run215083698/DMDB.jar
Launcher Type: SUN_STANDARD

Environment Variables:
PATH=/usr/bin:/bin:/usr/sbin:/sbin
LD_LIBRARY_PATH=/Library/Java/JavaVirtualMachines/jdk1.8.0_11.jdk/Contents/Home/jre/lib/amd64:/Library/Java/JavaVirtualMachines/jdk1.8.0_11.jdk/Contents/Home/jre/lib/i386:
SHELL=/bin/bash
DYLD_LIBRARY_PATH=/Applications/NetBeans/NetBeans 8.0.2.app/Contents/Resources/NetBeans/webcommon/bin:

Signal Handlers:
SIGSEGV: [libjvm.dylib+0x56059b], sa_mask[0]=0xfffefeff, sa_flags=0x00000043
SIGBUS: [libjvm.dylib+0x56059b], sa_mask[0]=0xfffefeff, sa_flags=0x00000042
SIGFPE: [libjvm.dylib+0x4438f2], sa_mask[0]=0xfffefeff, sa_flags=0x00000042
SIGPIPE: [libjvm.dylib+0x4438f2], sa_mask[0]=0xfffefeff, sa_flags=0x00000042
SIGXFSZ: [libjvm.dylib+0x4438f2], sa_mask[0]=0xfffefeff, sa_flags=0x00000042
SIGILL: [libjvm.dylib+0x4438f2], sa_mask[0]=0xfffefeff, sa_flags=0x00000042
SIGUSR1: SIG_DFL, sa_mask[0]=0x00000000, sa_flags=0x00000000
SIGUSR2: [libjvm.dylib+0x443410], sa_mask[0]=0x00000004, sa_flags=0x00000042
SIGHUP: [libjvm.dylib+0x44179b], sa_mask[0]=0xfffefeff, sa_flags=0x00000042
SIGINT: SIG_IGN, sa_mask[0]=0x00000000, sa_flags=0x00000000
SIGTERM: [libjvm.dylib+0x44179b], sa_mask[0]=0xfffefeff, sa_flags=0x00000042
SIGQUIT: [libjvm.dylib+0x44179b], sa_mask[0]=0xfffefeff, sa_flags=0x00000042


---------------  S Y S T E M  ---------------

OS:Bsduname:Darwin 14.5.0 Darwin Kernel Version 14.5.0: Wed Jul 29 02:26:53 PDT 2015; root:xnu-2782.40.9~1/RELEASE_X86_64 x86_64
rlimit: STACK 8192k, CORE 0k, NPROC 709, NOFILE 10240, AS infinity
load average:2.31 2.41 2.25

CPU:total 2 (2 cores per cpu, 1 threads per core) family 6 model 23 stepping 10, cmov, cx8, fxsr, mmx, sse, sse2, sse3, ssse3, sse4.1, tsc

Memory: 4k page, physical 4194304k(107696k free)

/proc/meminfo:


vm_info: Java HotSpot(TM) 64-Bit Server VM (25.11-b03) for bsd-amd64 JRE (1.8.0_11-b12), built on Jun 16 2014 17:39:42 by "java_re" with gcc 4.2.1 (Based on Apple Inc. build 5658) (LLVM build 2336.11.00)

time: Wed Oct 14 22:00:40 2015
elapsed time: 4 seconds

